<?xml version="1.0" encoding="UTF-8"?>
<testsuite xmlns:xsi="http://www.w3.org/2001/XMLSchema-instance" xsi:noNamespaceSchemaLocation="https://maven.apache.org/surefire/maven-surefire-plugin/xsd/surefire-test-report.xsd" version="3.0.2" name="com.pmi.kafka.WindowsEventDropRenderingInfoFunctionTest" time="0.144" tests="1" errors="0" skipped="0" failures="0">
  <properties>
    <property name="java.specification.version" value="23"/>
    <property name="sun.cpu.isalist" value="amd64"/>
    <property name="sun.jnu.encoding" value="Cp1252"/>
    <property name="java.class.path" value="C:\workdir\flink-xml-udfs-master\target\test-classes;C:\workdir\flink-xml-udfs-master\target\classes;C:\Users\debas\.m2\repository\org\apache\flink\flink-table-api-java\2.0.0\flink-table-api-java-2.0.0.jar;C:\Users\debas\.m2\repository\org\apache\flink\flink-table-common\2.0.0\flink-table-common-2.0.0.jar;C:\Users\debas\.m2\repository\org\apache\flink\flink-core\2.0.0\flink-core-2.0.0.jar;C:\Users\debas\.m2\repository\org\apache\flink\flink-core-api\2.0.0\flink-core-api-2.0.0.jar;C:\Users\debas\.m2\repository\org\apache\flink\flink-metrics-core\2.0.0\flink-metrics-core-2.0.0.jar;C:\Users\debas\.m2\repository\org\apache\flink\flink-annotations\2.0.0\flink-annotations-2.0.0.jar;C:\Users\debas\.m2\repository\org\apache\flink\flink-shaded-jackson\2.15.3-19.0\flink-shaded-jackson-2.15.3-19.0.jar;C:\Users\debas\.m2\repository\org\snakeyaml\snakeyaml-engine\2.6\snakeyaml-engine-2.6.jar;C:\Users\debas\.m2\repository\org\apache\commons\commons-text\1.10.0\commons-text-1.10.0.jar;C:\Users\debas\.m2\repository\com\esotericsoftware\kryo\5.6.2\kryo-5.6.2.jar;C:\Users\debas\.m2\repository\com\esotericsoftware\reflectasm\1.11.9\reflectasm-1.11.9.jar;C:\Users\debas\.m2\repository\com\esotericsoftware\minlog\1.3.1\minlog-1.3.1.jar;C:\Users\debas\.m2\repository\commons-collections\commons-collections\3.2.2\commons-collections-3.2.2.jar;C:\Users\debas\.m2\repository\org\apache\flink\flink-shaded-guava\32.1.3-jre-19.0\flink-shaded-guava-32.1.3-jre-19.0.jar;C:\Users\debas\.m2\repository\org\apache\flink\flink-shaded-asm-9\9.6-19.0\flink-shaded-asm-9-9.6-19.0.jar;C:\Users\debas\.m2\repository\com\ibm\icu\icu4j\67.1\icu4j-67.1.jar;C:\Users\debas\.m2\repository\org\slf4j\slf4j-api\1.7.36\slf4j-api-1.7.36.jar;C:\Users\debas\.m2\repository\com\google\code\findbugs\jsr305\1.3.9\jsr305-1.3.9.jar;C:\Users\debas\.m2\repository\com\fasterxml\jackson\core\jackson-databind\2.19.0\jackson-databind-2.19.0.jar;C:\Users\debas\.m2\repository\com\fasterxml\jackson\core\jackson-annotations\2.19.0\jackson-annotations-2.19.0.jar;C:\Users\debas\.m2\repository\com\fasterxml\jackson\core\jackson-core\2.19.0\jackson-core-2.19.0.jar;C:\Users\debas\.m2\repository\org\apache\kafka\kafka-clients\4.0.0\kafka-clients-4.0.0.jar;C:\Users\debas\.m2\repository\com\github\luben\zstd-jni\1.5.6-6\zstd-jni-1.5.6-6.jar;C:\Users\debas\.m2\repository\org\lz4\lz4-java\1.8.0\lz4-java-1.8.0.jar;C:\Users\debas\.m2\repository\org\xerial\snappy\snappy-java\1.1.10.5\snappy-java-1.1.10.5.jar;C:\Users\debas\.m2\repository\org\apache\kafka\connect-api\4.0.0\connect-api-4.0.0.jar;C:\Users\debas\.m2\repository\jakarta\ws\rs\jakarta.ws.rs-api\3.1.0\jakarta.ws.rs-api-3.1.0.jar;C:\Users\debas\.m2\repository\org\apache\kafka\connect-runtime\4.0.0\connect-runtime-4.0.0.jar;C:\Users\debas\.m2\repository\org\apache\kafka\connect-json\4.0.0\connect-json-4.0.0.jar;C:\Users\debas\.m2\repository\com\fasterxml\jackson\datatype\jackson-datatype-jdk8\2.19.0\jackson-datatype-jdk8-2.19.0.jar;C:\Users\debas\.m2\repository\com\fasterxml\jackson\module\jackson-module-blackbird\2.19.0\jackson-module-blackbird-2.19.0.jar;C:\Users\debas\.m2\repository\org\apache\kafka\connect-transforms\4.0.0\connect-transforms-4.0.0.jar;C:\Users\debas\.m2\repository\org\bitbucket\b_c\jose4j\0.9.4\jose4j-0.9.4.jar;C:\Users\debas\.m2\repository\com\fasterxml\jackson\jakarta\rs\jackson-jakarta-rs-json-provider\2.19.0\jackson-jakarta-rs-json-provider-2.19.0.jar;C:\Users\debas\.m2\repository\com\fasterxml\jackson\jakarta\rs\jackson-jakarta-rs-base\2.19.0\jackson-jakarta-rs-base-2.19.0.jar;C:\Users\debas\.m2\repository\com\fasterxml\jackson\module\jackson-module-jakarta-xmlbind-annotations\2.19.0\jackson-module-jakarta-xmlbind-annotations-2.19.0.jar;C:\Users\debas\.m2\repository\jakarta\xml\bind\jakarta.xml.bind-api\3.0.1\jakarta.xml.bind-api-3.0.1.jar;C:\Users\debas\.m2\repository\com\sun\activation\jakarta.activation\2.0.1\jakarta.activation-2.0.1.jar;C:\Users\debas\.m2\repository\jakarta\activation\jakarta.activation-api\2.1.0\jakarta.activation-api-2.1.0.jar;C:\Users\debas\.m2\repository\org\glassfish\jersey\containers\jersey-container-servlet\3.1.9\jersey-container-servlet-3.1.9.jar;C:\Users\debas\.m2\repository\org\glassfish\jersey\containers\jersey-container-servlet-core\3.1.9\jersey-container-servlet-core-3.1.9.jar;C:\Users\debas\.m2\repository\jakarta\inject\jakarta.inject-api\2.0.1\jakarta.inject-api-2.0.1.jar;C:\Users\debas\.m2\repository\org\glassfish\jersey\core\jersey-common\3.1.9\jersey-common-3.1.9.jar;C:\Users\debas\.m2\repository\jakarta\annotation\jakarta.annotation-api\2.1.1\jakarta.annotation-api-2.1.1.jar;C:\Users\debas\.m2\repository\org\glassfish\hk2\osgi-resource-locator\1.0.3\osgi-resource-locator-1.0.3.jar;C:\Users\debas\.m2\repository\org\glassfish\jersey\core\jersey-server\3.1.9\jersey-server-3.1.9.jar;C:\Users\debas\.m2\repository\org\glassfish\jersey\core\jersey-client\3.1.9\jersey-client-3.1.9.jar;C:\Users\debas\.m2\repository\jakarta\validation\jakarta.validation-api\3.0.2\jakarta.validation-api-3.0.2.jar;C:\Users\debas\.m2\repository\org\glassfish\jersey\inject\jersey-hk2\3.1.9\jersey-hk2-3.1.9.jar;C:\Users\debas\.m2\repository\org\glassfish\hk2\hk2-locator\3.0.6\hk2-locator-3.0.6.jar;C:\Users\debas\.m2\repository\org\glassfish\hk2\external\aopalliance-repackaged\3.0.6\aopalliance-repackaged-3.0.6.jar;C:\Users\debas\.m2\repository\org\glassfish\hk2\hk2-api\3.0.6\hk2-api-3.0.6.jar;C:\Users\debas\.m2\repository\org\glassfish\hk2\hk2-utils\3.0.6\hk2-utils-3.0.6.jar;C:\Users\debas\.m2\repository\org\javassist\javassist\3.30.2-GA\javassist-3.30.2-GA.jar;C:\Users\debas\.m2\repository\javax\xml\bind\jaxb-api\2.3.1\jaxb-api-2.3.1.jar;C:\Users\debas\.m2\repository\javax\activation\javax.activation-api\1.2.0\javax.activation-api-1.2.0.jar;C:\Users\debas\.m2\repository\javax\activation\activation\1.1.1\activation-1.1.1.jar;C:\Users\debas\.m2\repository\org\eclipse\jetty\jetty-server\12.0.15\jetty-server-12.0.15.jar;C:\Users\debas\.m2\repository\org\eclipse\jetty\jetty-http\12.0.15\jetty-http-12.0.15.jar;C:\Users\debas\.m2\repository\org\eclipse\jetty\jetty-io\12.0.15\jetty-io-12.0.15.jar;C:\Users\debas\.m2\repository\org\eclipse\jetty\ee10\jetty-ee10-servlet\12.0.15\jetty-ee10-servlet-12.0.15.jar;C:\Users\debas\.m2\repository\jakarta\servlet\jakarta.servlet-api\6.0.0\jakarta.servlet-api-6.0.0.jar;C:\Users\debas\.m2\repository\org\eclipse\jetty\jetty-security\12.0.15\jetty-security-12.0.15.jar;C:\Users\debas\.m2\repository\org\eclipse\jetty\jetty-session\12.0.15\jetty-session-12.0.15.jar;C:\Users\debas\.m2\repository\org\eclipse\jetty\ee10\jetty-ee10-servlets\12.0.15\jetty-ee10-servlets-12.0.15.jar;C:\Users\debas\.m2\repository\org\eclipse\jetty\jetty-util\12.0.15\jetty-util-12.0.15.jar;C:\Users\debas\.m2\repository\org\eclipse\jetty\jetty-client\12.0.15\jetty-client-12.0.15.jar;C:\Users\debas\.m2\repository\org\eclipse\jetty\jetty-alpn-client\12.0.15\jetty-alpn-client-12.0.15.jar;C:\Users\debas\.m2\repository\io\github\classgraph\classgraph\4.8.173\classgraph-4.8.173.jar;C:\Users\debas\.m2\repository\org\apache\maven\maven-artifact\3.9.6\maven-artifact-3.9.6.jar;C:\Users\debas\.m2\repository\org\codehaus\plexus\plexus-utils\3.5.1\plexus-utils-3.5.1.jar;C:\Users\debas\.m2\repository\org\apache\commons\commons-lang3\3.12.0\commons-lang3-3.12.0.jar;C:\Users\debas\.m2\repository\io\swagger\core\v3\swagger-annotations\2.2.25\swagger-annotations-2.2.25.jar;C:\Users\debas\.m2\repository\org\junit\jupiter\junit-jupiter\5.12.1\junit-jupiter-5.12.1.jar;C:\Users\debas\.m2\repository\org\junit\jupiter\junit-jupiter-api\5.12.1\junit-jupiter-api-5.12.1.jar;C:\Users\debas\.m2\repository\org\opentest4j\opentest4j\1.3.0\opentest4j-1.3.0.jar;C:\Users\debas\.m2\repository\org\junit\platform\junit-platform-commons\1.12.1\junit-platform-commons-1.12.1.jar;C:\Users\debas\.m2\repository\org\apiguardian\apiguardian-api\1.1.2\apiguardian-api-1.1.2.jar;C:\Users\debas\.m2\repository\org\junit\jupiter\junit-jupiter-params\5.12.1\junit-jupiter-params-5.12.1.jar;C:\Users\debas\.m2\repository\org\junit\jupiter\junit-jupiter-engine\5.12.1\junit-jupiter-engine-5.12.1.jar;C:\Users\debas\.m2\repository\org\junit\platform\junit-platform-engine\1.12.1\junit-platform-engine-1.12.1.jar;C:\Users\debas\.m2\repository\org\mockito\mockito-core\5.3.1\mockito-core-5.3.1.jar;C:\Users\debas\.m2\repository\net\bytebuddy\byte-buddy\1.14.4\byte-buddy-1.14.4.jar;C:\Users\debas\.m2\repository\net\bytebuddy\byte-buddy-agent\1.14.4\byte-buddy-agent-1.14.4.jar;C:\Users\debas\.m2\repository\org\objenesis\objenesis\3.3\objenesis-3.3.jar;C:\Users\debas\.m2\repository\org\apache\logging\log4j\log4j-core\2.20.0\log4j-core-2.20.0.jar;C:\Users\debas\.m2\repository\org\apache\logging\log4j\log4j-api\2.20.0\log4j-api-2.20.0.jar;C:\Users\debas\.m2\repository\org\apache\logging\log4j\log4j-slf4j-impl\2.20.0\log4j-slf4j-impl-2.20.0.jar;C:\Users\debas\.m2\repository\com\fasterxml\jackson\dataformat\jackson-dataformat-yaml\2.19.0\jackson-dataformat-yaml-2.19.0.jar;C:\Users\debas\.m2\repository\org\yaml\snakeyaml\2.4\snakeyaml-2.4.jar;C:\Users\debas\.m2\repository\org\assertj\assertj-core\3.27.3\assertj-core-3.27.3.jar;C:\Users\debas\.m2\repository\org\testcontainers\testcontainers\1.20.6\testcontainers-1.20.6.jar;C:\Users\debas\.m2\repository\junit\junit\4.13.2\junit-4.13.2.jar;C:\Users\debas\.m2\repository\org\hamcrest\hamcrest-core\1.3\hamcrest-core-1.3.jar;C:\Users\debas\.m2\repository\org\apache\commons\commons-compress\1.24.0\commons-compress-1.24.0.jar;C:\Users\debas\.m2\repository\org\rnorth\duct-tape\duct-tape\1.0.8\duct-tape-1.0.8.jar;C:\Users\debas\.m2\repository\org\jetbrains\annotations\17.0.0\annotations-17.0.0.jar;C:\Users\debas\.m2\repository\com\github\docker-java\docker-java-api\3.4.1\docker-java-api-3.4.1.jar;C:\Users\debas\.m2\repository\com\github\docker-java\docker-java-transport-zerodep\3.4.1\docker-java-transport-zerodep-3.4.1.jar;C:\Users\debas\.m2\repository\com\github\docker-java\docker-java-transport\3.4.1\docker-java-transport-3.4.1.jar;C:\Users\debas\.m2\repository\net\java\dev\jna\jna\5.13.0\jna-5.13.0.jar;C:\Users\debas\.m2\repository\org\testcontainers\kafka\1.20.6\kafka-1.20.6.jar;C:\Users\debas\.m2\repository\org\testcontainers\junit-jupiter\1.20.6\junit-jupiter-1.20.6.jar;"/>
    <property name="java.vm.vendor" value="Oracle Corporation"/>
    <property name="sun.arch.data.model" value="64"/>
    <property name="user.variant" value=""/>
    <property name="java.vendor.url" value="https://java.oracle.com/"/>
    <property name="user.timezone" value="Europe/Paris"/>
    <property name="os.name" value="Windows 11"/>
    <property name="java.vm.specification.version" value="23"/>
    <property name="sun.java.launcher" value="SUN_STANDARD"/>
    <property name="user.country" value="IN"/>
    <property name="sun.boot.library.path" value="C:\Program Files\Java\jdk-23\bin"/>
    <property name="sun.java.command" value="C:\Users\debas\AppData\Local\Temp\surefire15137496328691183505\surefirebooter-20250817233647681_3.jar C:\Users\debas\AppData\Local\Temp\surefire15137496328691183505 2025-08-17T23-36-47_588-jvmRun1 surefire-20250817233647681_1tmp surefire_0-20250817233647681_2tmp"/>
    <property name="jdk.debug" value="release"/>
    <property name="surefire.test.class.path" value="C:\workdir\flink-xml-udfs-master\target\test-classes;C:\workdir\flink-xml-udfs-master\target\classes;C:\Users\debas\.m2\repository\org\apache\flink\flink-table-api-java\2.0.0\flink-table-api-java-2.0.0.jar;C:\Users\debas\.m2\repository\org\apache\flink\flink-table-common\2.0.0\flink-table-common-2.0.0.jar;C:\Users\debas\.m2\repository\org\apache\flink\flink-core\2.0.0\flink-core-2.0.0.jar;C:\Users\debas\.m2\repository\org\apache\flink\flink-core-api\2.0.0\flink-core-api-2.0.0.jar;C:\Users\debas\.m2\repository\org\apache\flink\flink-metrics-core\2.0.0\flink-metrics-core-2.0.0.jar;C:\Users\debas\.m2\repository\org\apache\flink\flink-annotations\2.0.0\flink-annotations-2.0.0.jar;C:\Users\debas\.m2\repository\org\apache\flink\flink-shaded-jackson\2.15.3-19.0\flink-shaded-jackson-2.15.3-19.0.jar;C:\Users\debas\.m2\repository\org\snakeyaml\snakeyaml-engine\2.6\snakeyaml-engine-2.6.jar;C:\Users\debas\.m2\repository\org\apache\commons\commons-text\1.10.0\commons-text-1.10.0.jar;C:\Users\debas\.m2\repository\com\esotericsoftware\kryo\5.6.2\kryo-5.6.2.jar;C:\Users\debas\.m2\repository\com\esotericsoftware\reflectasm\1.11.9\reflectasm-1.11.9.jar;C:\Users\debas\.m2\repository\com\esotericsoftware\minlog\1.3.1\minlog-1.3.1.jar;C:\Users\debas\.m2\repository\commons-collections\commons-collections\3.2.2\commons-collections-3.2.2.jar;C:\Users\debas\.m2\repository\org\apache\flink\flink-shaded-guava\32.1.3-jre-19.0\flink-shaded-guava-32.1.3-jre-19.0.jar;C:\Users\debas\.m2\repository\org\apache\flink\flink-shaded-asm-9\9.6-19.0\flink-shaded-asm-9-9.6-19.0.jar;C:\Users\debas\.m2\repository\com\ibm\icu\icu4j\67.1\icu4j-67.1.jar;C:\Users\debas\.m2\repository\org\slf4j\slf4j-api\1.7.36\slf4j-api-1.7.36.jar;C:\Users\debas\.m2\repository\com\google\code\findbugs\jsr305\1.3.9\jsr305-1.3.9.jar;C:\Users\debas\.m2\repository\com\fasterxml\jackson\core\jackson-databind\2.19.0\jackson-databind-2.19.0.jar;C:\Users\debas\.m2\repository\com\fasterxml\jackson\core\jackson-annotations\2.19.0\jackson-annotations-2.19.0.jar;C:\Users\debas\.m2\repository\com\fasterxml\jackson\core\jackson-core\2.19.0\jackson-core-2.19.0.jar;C:\Users\debas\.m2\repository\org\apache\kafka\kafka-clients\4.0.0\kafka-clients-4.0.0.jar;C:\Users\debas\.m2\repository\com\github\luben\zstd-jni\1.5.6-6\zstd-jni-1.5.6-6.jar;C:\Users\debas\.m2\repository\org\lz4\lz4-java\1.8.0\lz4-java-1.8.0.jar;C:\Users\debas\.m2\repository\org\xerial\snappy\snappy-java\1.1.10.5\snappy-java-1.1.10.5.jar;C:\Users\debas\.m2\repository\org\apache\kafka\connect-api\4.0.0\connect-api-4.0.0.jar;C:\Users\debas\.m2\repository\jakarta\ws\rs\jakarta.ws.rs-api\3.1.0\jakarta.ws.rs-api-3.1.0.jar;C:\Users\debas\.m2\repository\org\apache\kafka\connect-runtime\4.0.0\connect-runtime-4.0.0.jar;C:\Users\debas\.m2\repository\org\apache\kafka\connect-json\4.0.0\connect-json-4.0.0.jar;C:\Users\debas\.m2\repository\com\fasterxml\jackson\datatype\jackson-datatype-jdk8\2.19.0\jackson-datatype-jdk8-2.19.0.jar;C:\Users\debas\.m2\repository\com\fasterxml\jackson\module\jackson-module-blackbird\2.19.0\jackson-module-blackbird-2.19.0.jar;C:\Users\debas\.m2\repository\org\apache\kafka\connect-transforms\4.0.0\connect-transforms-4.0.0.jar;C:\Users\debas\.m2\repository\org\bitbucket\b_c\jose4j\0.9.4\jose4j-0.9.4.jar;C:\Users\debas\.m2\repository\com\fasterxml\jackson\jakarta\rs\jackson-jakarta-rs-json-provider\2.19.0\jackson-jakarta-rs-json-provider-2.19.0.jar;C:\Users\debas\.m2\repository\com\fasterxml\jackson\jakarta\rs\jackson-jakarta-rs-base\2.19.0\jackson-jakarta-rs-base-2.19.0.jar;C:\Users\debas\.m2\repository\com\fasterxml\jackson\module\jackson-module-jakarta-xmlbind-annotations\2.19.0\jackson-module-jakarta-xmlbind-annotations-2.19.0.jar;C:\Users\debas\.m2\repository\jakarta\xml\bind\jakarta.xml.bind-api\3.0.1\jakarta.xml.bind-api-3.0.1.jar;C:\Users\debas\.m2\repository\com\sun\activation\jakarta.activation\2.0.1\jakarta.activation-2.0.1.jar;C:\Users\debas\.m2\repository\jakarta\activation\jakarta.activation-api\2.1.0\jakarta.activation-api-2.1.0.jar;C:\Users\debas\.m2\repository\org\glassfish\jersey\containers\jersey-container-servlet\3.1.9\jersey-container-servlet-3.1.9.jar;C:\Users\debas\.m2\repository\org\glassfish\jersey\containers\jersey-container-servlet-core\3.1.9\jersey-container-servlet-core-3.1.9.jar;C:\Users\debas\.m2\repository\jakarta\inject\jakarta.inject-api\2.0.1\jakarta.inject-api-2.0.1.jar;C:\Users\debas\.m2\repository\org\glassfish\jersey\core\jersey-common\3.1.9\jersey-common-3.1.9.jar;C:\Users\debas\.m2\repository\jakarta\annotation\jakarta.annotation-api\2.1.1\jakarta.annotation-api-2.1.1.jar;C:\Users\debas\.m2\repository\org\glassfish\hk2\osgi-resource-locator\1.0.3\osgi-resource-locator-1.0.3.jar;C:\Users\debas\.m2\repository\org\glassfish\jersey\core\jersey-server\3.1.9\jersey-server-3.1.9.jar;C:\Users\debas\.m2\repository\org\glassfish\jersey\core\jersey-client\3.1.9\jersey-client-3.1.9.jar;C:\Users\debas\.m2\repository\jakarta\validation\jakarta.validation-api\3.0.2\jakarta.validation-api-3.0.2.jar;C:\Users\debas\.m2\repository\org\glassfish\jersey\inject\jersey-hk2\3.1.9\jersey-hk2-3.1.9.jar;C:\Users\debas\.m2\repository\org\glassfish\hk2\hk2-locator\3.0.6\hk2-locator-3.0.6.jar;C:\Users\debas\.m2\repository\org\glassfish\hk2\external\aopalliance-repackaged\3.0.6\aopalliance-repackaged-3.0.6.jar;C:\Users\debas\.m2\repository\org\glassfish\hk2\hk2-api\3.0.6\hk2-api-3.0.6.jar;C:\Users\debas\.m2\repository\org\glassfish\hk2\hk2-utils\3.0.6\hk2-utils-3.0.6.jar;C:\Users\debas\.m2\repository\org\javassist\javassist\3.30.2-GA\javassist-3.30.2-GA.jar;C:\Users\debas\.m2\repository\javax\xml\bind\jaxb-api\2.3.1\jaxb-api-2.3.1.jar;C:\Users\debas\.m2\repository\javax\activation\javax.activation-api\1.2.0\javax.activation-api-1.2.0.jar;C:\Users\debas\.m2\repository\javax\activation\activation\1.1.1\activation-1.1.1.jar;C:\Users\debas\.m2\repository\org\eclipse\jetty\jetty-server\12.0.15\jetty-server-12.0.15.jar;C:\Users\debas\.m2\repository\org\eclipse\jetty\jetty-http\12.0.15\jetty-http-12.0.15.jar;C:\Users\debas\.m2\repository\org\eclipse\jetty\jetty-io\12.0.15\jetty-io-12.0.15.jar;C:\Users\debas\.m2\repository\org\eclipse\jetty\ee10\jetty-ee10-servlet\12.0.15\jetty-ee10-servlet-12.0.15.jar;C:\Users\debas\.m2\repository\jakarta\servlet\jakarta.servlet-api\6.0.0\jakarta.servlet-api-6.0.0.jar;C:\Users\debas\.m2\repository\org\eclipse\jetty\jetty-security\12.0.15\jetty-security-12.0.15.jar;C:\Users\debas\.m2\repository\org\eclipse\jetty\jetty-session\12.0.15\jetty-session-12.0.15.jar;C:\Users\debas\.m2\repository\org\eclipse\jetty\ee10\jetty-ee10-servlets\12.0.15\jetty-ee10-servlets-12.0.15.jar;C:\Users\debas\.m2\repository\org\eclipse\jetty\jetty-util\12.0.15\jetty-util-12.0.15.jar;C:\Users\debas\.m2\repository\org\eclipse\jetty\jetty-client\12.0.15\jetty-client-12.0.15.jar;C:\Users\debas\.m2\repository\org\eclipse\jetty\jetty-alpn-client\12.0.15\jetty-alpn-client-12.0.15.jar;C:\Users\debas\.m2\repository\io\github\classgraph\classgraph\4.8.173\classgraph-4.8.173.jar;C:\Users\debas\.m2\repository\org\apache\maven\maven-artifact\3.9.6\maven-artifact-3.9.6.jar;C:\Users\debas\.m2\repository\org\codehaus\plexus\plexus-utils\3.5.1\plexus-utils-3.5.1.jar;C:\Users\debas\.m2\repository\org\apache\commons\commons-lang3\3.12.0\commons-lang3-3.12.0.jar;C:\Users\debas\.m2\repository\io\swagger\core\v3\swagger-annotations\2.2.25\swagger-annotations-2.2.25.jar;C:\Users\debas\.m2\repository\org\junit\jupiter\junit-jupiter\5.12.1\junit-jupiter-5.12.1.jar;C:\Users\debas\.m2\repository\org\junit\jupiter\junit-jupiter-api\5.12.1\junit-jupiter-api-5.12.1.jar;C:\Users\debas\.m2\repository\org\opentest4j\opentest4j\1.3.0\opentest4j-1.3.0.jar;C:\Users\debas\.m2\repository\org\junit\platform\junit-platform-commons\1.12.1\junit-platform-commons-1.12.1.jar;C:\Users\debas\.m2\repository\org\apiguardian\apiguardian-api\1.1.2\apiguardian-api-1.1.2.jar;C:\Users\debas\.m2\repository\org\junit\jupiter\junit-jupiter-params\5.12.1\junit-jupiter-params-5.12.1.jar;C:\Users\debas\.m2\repository\org\junit\jupiter\junit-jupiter-engine\5.12.1\junit-jupiter-engine-5.12.1.jar;C:\Users\debas\.m2\repository\org\junit\platform\junit-platform-engine\1.12.1\junit-platform-engine-1.12.1.jar;C:\Users\debas\.m2\repository\org\mockito\mockito-core\5.3.1\mockito-core-5.3.1.jar;C:\Users\debas\.m2\repository\net\bytebuddy\byte-buddy\1.14.4\byte-buddy-1.14.4.jar;C:\Users\debas\.m2\repository\net\bytebuddy\byte-buddy-agent\1.14.4\byte-buddy-agent-1.14.4.jar;C:\Users\debas\.m2\repository\org\objenesis\objenesis\3.3\objenesis-3.3.jar;C:\Users\debas\.m2\repository\org\apache\logging\log4j\log4j-core\2.20.0\log4j-core-2.20.0.jar;C:\Users\debas\.m2\repository\org\apache\logging\log4j\log4j-api\2.20.0\log4j-api-2.20.0.jar;C:\Users\debas\.m2\repository\org\apache\logging\log4j\log4j-slf4j-impl\2.20.0\log4j-slf4j-impl-2.20.0.jar;C:\Users\debas\.m2\repository\com\fasterxml\jackson\dataformat\jackson-dataformat-yaml\2.19.0\jackson-dataformat-yaml-2.19.0.jar;C:\Users\debas\.m2\repository\org\yaml\snakeyaml\2.4\snakeyaml-2.4.jar;C:\Users\debas\.m2\repository\org\assertj\assertj-core\3.27.3\assertj-core-3.27.3.jar;C:\Users\debas\.m2\repository\org\testcontainers\testcontainers\1.20.6\testcontainers-1.20.6.jar;C:\Users\debas\.m2\repository\junit\junit\4.13.2\junit-4.13.2.jar;C:\Users\debas\.m2\repository\org\hamcrest\hamcrest-core\1.3\hamcrest-core-1.3.jar;C:\Users\debas\.m2\repository\org\apache\commons\commons-compress\1.24.0\commons-compress-1.24.0.jar;C:\Users\debas\.m2\repository\org\rnorth\duct-tape\duct-tape\1.0.8\duct-tape-1.0.8.jar;C:\Users\debas\.m2\repository\org\jetbrains\annotations\17.0.0\annotations-17.0.0.jar;C:\Users\debas\.m2\repository\com\github\docker-java\docker-java-api\3.4.1\docker-java-api-3.4.1.jar;C:\Users\debas\.m2\repository\com\github\docker-java\docker-java-transport-zerodep\3.4.1\docker-java-transport-zerodep-3.4.1.jar;C:\Users\debas\.m2\repository\com\github\docker-java\docker-java-transport\3.4.1\docker-java-transport-3.4.1.jar;C:\Users\debas\.m2\repository\net\java\dev\jna\jna\5.13.0\jna-5.13.0.jar;C:\Users\debas\.m2\repository\org\testcontainers\kafka\1.20.6\kafka-1.20.6.jar;C:\Users\debas\.m2\repository\org\testcontainers\junit-jupiter\1.20.6\junit-jupiter-1.20.6.jar;"/>
    <property name="sun.cpu.endian" value="little"/>
    <property name="user.home" value="C:\Users\debas"/>
    <property name="user.language" value="en"/>
    <property name="java.specification.vendor" value="Oracle Corporation"/>
    <property name="java.version.date" value="2025-01-21"/>
    <property name="java.home" value="C:\Program Files\Java\jdk-23"/>
    <property name="file.separator" value="\"/>
    <property name="basedir" value="C:\workdir\flink-xml-udfs-master"/>
    <property name="java.vm.compressedOopsMode" value="Zero based"/>
    <property name="line.separator" value="&#10;"/>
    <property name="java.vm.specification.vendor" value="Oracle Corporation"/>
    <property name="java.specification.name" value="Java Platform API Specification"/>
    <property name="surefire.real.class.path" value="C:\Users\debas\AppData\Local\Temp\surefire15137496328691183505\surefirebooter-20250817233647681_3.jar"/>
    <property name="user.script" value=""/>
    <property name="sun.management.compiler" value="HotSpot 64-Bit Tiered Compilers"/>
    <property name="java.runtime.version" value="23.0.2+7-58"/>
    <property name="user.name" value="debas"/>
    <property name="stdout.encoding" value="Cp1252"/>
    <property name="path.separator" value=";"/>
    <property name="os.version" value="10.0"/>
    <property name="java.runtime.name" value="Java(TM) SE Runtime Environment"/>
    <property name="file.encoding" value="UTF-8"/>
    <property name="java.vm.name" value="Java HotSpot(TM) 64-Bit Server VM"/>
    <property name="localRepository" value="C:\Users\debas\.m2\repository"/>
    <property name="java.vendor.url.bug" value="https://bugreport.java.com/bugreport/"/>
    <property name="java.io.tmpdir" value="C:\Users\debas\AppData\Local\Temp\"/>
    <property name="java.version" value="23.0.2"/>
    <property name="user.dir" value="C:\workdir\flink-xml-udfs-master"/>
    <property name="os.arch" value="amd64"/>
    <property name="java.vm.specification.name" value="Java Virtual Machine Specification"/>
    <property name="sun.os.patch.level" value=""/>
    <property name="native.encoding" value="Cp1252"/>
    <property name="java.library.path" value="C:\Program Files\Java\jdk-23\bin;C:\WINDOWS\Sun\Java\bin;C:\WINDOWS\system32;C:\WINDOWS;C:\Users\debas\bin;C:\Program Files\Git\mingw64\bin;C:\Program Files\Git\usr\local\bin;C:\Program Files\Git\usr\bin;C:\Program Files\Git\usr\bin;C:\Program Files\Git\mingw64\bin;C:\Program Files\Git\usr\bin;C:\Users\debas\bin;C:\Program Files\Common Files\Oracle\Java\javapath;C:\Program Files (x86)\Common Files\Oracle\Java\javapath;C:\Windows\system32;C:\Windows;C:\Windows\System32\Wbem;C:\Windows\System32\WindowsPowerShell\v1.0;C:\Windows\System32\OpenSSH;C:\Program Files\NVIDIA Corporation\NVIDIA NvDLISR;C:\Program Files\dotnet;C:\Program Files\apache-maven-3.8.5\bin;C:\Program Files\Java\jdk-23\bin;C:\Android;C:\WINDOWS\system32;C:\WINDOWS;C:\WINDOWS\System32\Wbem;C:\WINDOWS\System32\WindowsPowerShell\v1.0;C:\WINDOWS\System32\OpenSSH;C:\Program Files\Amazon\AWSCLIV2;C:\Program Files\Git\cmd;C:\Program Files\Kubernetes\Minikube;C:\WINDOWS\system32;C:\WINDOWS;C:\WINDOWS\System32\Wbem;C:\WINDOWS\System32\WindowsPowerShell\v1.0;C:\WINDOWS\System32\OpenSSH;C:\Program Files\Docker\Docker\resources\bin;C:\Program Files\Kubernetes\Minikube;C:\Program Files\Terraform;C:\Binaries;C:\Program Files\apache-maven-3.8.5\bin;C:\Program Files\Java\jdk-23\bin;C:\Users\debas\AppData\Local\Programs\Microsoft VS Code\bin;C:\Program Files\JetBrains\IntelliJ IDEA Community Edition 2024.1.4\bin;C:\Program Files\Kubernetes\Minikube;C:\Users\debas\AppData\Local\Microsoft\WindowsApps;C:\Program Files\Multipass\bin;C:\Program Files\MicroK8s;C:\Program Files\Git\usr\bin\vendor_perl;C:\Program Files\Git\usr\bin\core_perl;."/>
    <property name="java.vm.info" value="mixed mode, sharing"/>
    <property name="stderr.encoding" value="Cp1252"/>
    <property name="java.vendor" value="Oracle Corporation"/>
    <property name="java.vm.version" value="23.0.2+7-58"/>
    <property name="sun.io.unicode.encoding" value="UnicodeLittle"/>
    <property name="java.class.version" value="67.0"/>
  </properties>
  <testcase name="testDropRenderingInfo" classname="com.pmi.kafka.WindowsEventDropRenderingInfoFunctionTest" time="0.143">
    <system-out><![CDATA[<?xml version="1.0" encoding="utf-8"?><Event xmlns="http://schemas.microsoft.com/win/2004/08/events/event"><System><Provider Name="Microsoft-Windows-Security-Auditing" Guid="{54849625-5478-4994-A5BA-3E3B0328C30D}"/><EventID>4735</EventID><Version>0</Version><Level>0</Level><Task>13826</Task><Opcode>0</Opcode><Keywords>0x8020000000000000</Keywords><TimeCreated SystemTime="2025-04-11T18:41:29.787566200Z"/><EventRecordID>24323798</EventRecordID><Correlation ActivityID="{08971004-D417-4E1A-827C-8E79CEB95815}"/><Execution ProcessID="736" ThreadID="780"/><Channel>Security</Channel><Computer>PMICHLAUSQL950.PMINTL.NET</Computer><Security/></System><EventData><Data Name="TargetUserName">Event Log Readers</Data><Data Name="TargetDomainName">Builtin</Data><Data Name="TargetSid">S-1-5-32-573</Data><Data Name="SubjectUserSid">S-1-5-18</Data><Data Name="SubjectUserName">PMICHLAUSQL950$</Data><Data Name="SubjectDomainName">PMI</Data><Data Name="SubjectLogonId">0x3e7</Data><Data Name="PrivilegeList">-</Data><Data Name="SamAccountName">-</Data><Data Name="SidHistory">-</Data></EventData></Event>
]]></system-out>
  </testcase>
</testsuite>